# JRE version: OpenJDK Runtime Environment (17.0.9) (build 17.0.9+0--11185874)
# Java VM: OpenJDK 64-Bit Server VM (17.0.9+0--11185874, mixed mode, tiered, compressed oops, compressed class ptrs, g1 gc, windows-amd64)
GC Precious Log:
 CPUs: 4 total, 4 available
 Memory: 12165M
 Large Page Support: Disabled
 NUMA Support: Disabled
 Compressed Oops: Enabled (32-bit)
 Heap Region Size: 1M
 Heap Min Capacity: 8M
 Heap Initial Capacity: 192M
 Heap Max Capacity: 2G
 Pre-touch: Disabled
 Parallel Workers: 4
 Concurrent Workers: 1
 Concurrent Refinement Workers: 4
 Periodic GC: Disabled
Heap:
 garbage-first heap   total 326656K, used 189087K [0x0000000080000000, 0x0000000100000000)
  region size 1024K, 8 young (8192K), 8 survivors (8192K)
 Metaspace       used 136144K, committed 137152K, reserved 1179648K
  class space    used 18868K, committed 19328K, reserved 1048576K
GC Heap History (20 events):
Event: 54.390 GC heap after
{Heap after GC invocations=38 (full 0):
 garbage-first heap   total 284672K, used 132433K [0x0000000080000000, 0x0000000100000000)
  region size 1024K, 8 young (8192K), 8 survivors (8192K)
 Metaspace       used 107381K, committed 108224K, reserved 1179648K
  class space    used 14949K, committed 15360K, reserved 1048576K
}
Event: 63.216 GC heap before
{Heap before GC invocations=38 (full 0):
 garbage-first heap   total 284672K, used 235857K [0x0000000080000000, 0x0000000100000000)
  region size 1024K, 105 young (107520K), 8 survivors (8192K)
 Metaspace       used 109496K, committed 110400K, reserved 1179648K
  class space    used 15134K, committed 15552K, reserved 1048576K
}
Event: 63.250 GC heap after
{Heap after GC invocations=39 (full 0):
 garbage-first heap   total 284672K, used 140288K [0x0000000080000000, 0x0000000100000000)
  region size 1024K, 14 young (14336K), 14 survivors (14336K)
 Metaspace       used 109496K, committed 110400K, reserved 1179648K
  class space    used 15134K, committed 15552K, reserved 1048576K
}
Event: 65.780 GC heap before
{Heap before GC invocations=39 (full 0):
 garbage-first heap   total 284672K, used 230400K [0x0000000080000000, 0x0000000100000000)
  region size 1024K, 103 young (105472K), 14 survivors (14336K)
 Metaspace       used 118449K, committed 119424K, reserved 1179648K
  class space    used 16402K, committed 16896K, reserved 1048576K
}
Event: 65.817 GC heap after
{Heap after GC invocations=40 (full 0):
 garbage-first heap   total 284672K, used 143784K [0x0000000080000000, 0x0000000100000000)
  region size 1024K, 5 young (5120K), 5 survivors (5120K)
 Metaspace       used 118449K, committed 119424K, reserved 1179648K
  class space    used 16402K, committed 16896K, reserved 1048576K
}
Event: 68.894 GC heap before
{Heap before GC invocations=40 (full 0):
 garbage-first heap   total 284672K, used 257448K [0x0000000080000000, 0x0000000100000000)
  region size 1024K, 90 young (92160K), 5 survivors (5120K)
 Metaspace       used 127974K, committed 128896K, reserved 1179648K
  class space    used 17936K, committed 18368K, reserved 1048576K
}
Event: 68.909 GC heap after
{Heap after GC invocations=41 (full 0):
 garbage-first heap   total 284672K, used 155859K [0x0000000080000000, 0x0000000100000000)
  region size 1024K, 9 young (9216K), 9 survivors (9216K)
 Metaspace       used 127974K, committed 128896K, reserved 1179648K
  class space    used 17936K, committed 18368K, reserved 1048576K
}
Event: 68.965 GC heap before
{Heap before GC invocations=41 (full 0):
 garbage-first heap   total 284672K, used 182483K [0x0000000080000000, 0x0000000100000000)
  region size 1024K, 10 young (10240K), 9 survivors (9216K)
 Metaspace       used 127974K, committed 128896K, reserved 1179648K
  class space    used 17936K, committed 18368K, reserved 1048576K
}
Event: 68.979 GC heap after
{Heap after GC invocations=42 (full 0):
 garbage-first heap   total 284672K, used 156033K [0x0000000080000000, 0x0000000100000000)
  region size 1024K, 5 young (5120K), 5 survivors (5120K)
 Metaspace       used 127974K, committed 128896K, reserved 1179648K
  class space    used 17936K, committed 18368K, reserved 1048576K
}
Event: 69.000 GC heap before
{Heap before GC invocations=42 (full 0):
 garbage-first heap   total 284672K, used 168321K [0x0000000080000000, 0x0000000100000000)
  region size 1024K, 6 young (6144K), 5 survivors (5120K)
 Metaspace       used 127974K, committed 128896K, reserved 1179648K
  class space    used 17936K, committed 18368K, reserved 1048576K
}
Event: 69.008 GC heap after
{Heap after GC invocations=43 (full 0):
 garbage-first heap   total 284672K, used 153840K [0x0000000080000000, 0x0000000100000000)
  region size 1024K, 5 young (5120K), 5 survivors (5120K)
 Metaspace       used 127974K, committed 128896K, reserved 1179648K
  class space    used 17936K, committed 18368K, reserved 1048576K
}
Event: 132.662 GC heap before
{Heap before GC invocations=43 (full 0):
 garbage-first heap   total 284672K, used 243952K [0x0000000080000000, 0x0000000100000000)
  region size 1024K, 92 young (94208K), 5 survivors (5120K)
 Metaspace       used 129601K, committed 130560K, reserved 1179648K
  class space    used 18108K, committed 18560K, reserved 1048576K
}
Event: 132.687 GC heap after
{Heap after GC invocations=44 (full 0):
 garbage-first heap   total 284672K, used 155243K [0x0000000080000000, 0x0000000100000000)
  region size 1024K, 12 young (12288K), 12 survivors (12288K)
 Metaspace       used 129601K, committed 130560K, reserved 1179648K
  class space    used 18108K, committed 18560K, reserved 1048576K
}
Event: 133.716 GC heap before
{Heap before GC invocations=44 (full 0):
 garbage-first heap   total 284672K, used 199275K [0x0000000080000000, 0x0000000100000000)
  region size 1024K, 53 young (54272K), 12 survivors (12288K)
 Metaspace       used 130847K, committed 131776K, reserved 1179648K
  class space    used 18243K, committed 18752K, reserved 1048576K
}
Event: 133.749 GC heap after
{Heap after GC invocations=45 (full 0):
 garbage-first heap   total 284672K, used 168216K [0x0000000080000000, 0x0000000100000000)
  region size 1024K, 12 young (12288K), 12 survivors (12288K)
 Metaspace       used 130847K, committed 131776K, reserved 1179648K
  class space    used 18243K, committed 18752K, reserved 1048576K
}
Event: 135.506 GC heap before
{Heap before GC invocations=46 (full 0):
 garbage-first heap   total 326656K, used 224536K [0x0000000080000000, 0x0000000100000000)
  region size 1024K, 68 young (69632K), 12 survivors (12288K)
 Metaspace       used 132802K, committed 133824K, reserved 1179648K
  class space    used 18520K, committed 19008K, reserved 1048576K
}
Event: 135.541 GC heap after
{Heap after GC invocations=47 (full 0):
 garbage-first heap   total 326656K, used 184320K [0x0000000080000000, 0x0000000100000000)
  region size 1024K, 9 young (9216K), 9 survivors (9216K)
 Metaspace       used 132802K, committed 133824K, reserved 1179648K
  class space    used 18520K, committed 19008K, reserved 1048576K
}
Event: 135.672 GC heap before
{Heap before GC invocations=47 (full 0):
 garbage-first heap   total 326656K, used 189440K [0x0000000080000000, 0x0000000100000000)
  region size 1024K, 15 young (15360K), 9 survivors (9216K)
 Metaspace       used 133421K, committed 134400K, reserved 1179648K
  class space    used 18585K, committed 19072K, reserved 1048576K
}
Event: 135.692 GC heap after
{Heap after GC invocations=48 (full 0):
 garbage-first heap   total 326656K, used 183255K [0x0000000080000000, 0x0000000100000000)
  region size 1024K, 2 young (2048K), 2 survivors (2048K)
 Metaspace       used 133421K, committed 134400K, reserved 1179648K
  class space    used 18585K, committed 19072K, reserved 1048576K
}
Event: 137.107 GC heap before
{Heap before GC invocations=48 (full 0):
 garbage-first heap   total 326656K, used 284631K [0x0000000080000000, 0x0000000100000000)
  region size 1024K, 69 young (70656K), 2 survivors (2048K)
 Metaspace       used 136144K, committed 137152K, reserved 1179648K
  class space    used 18868K, committed 19328K, reserved 1048576K
}

