# JRE version: OpenJDK Runtime Environment (17.0.9) (build 17.0.9+0--11185874)
# Java VM: OpenJDK 64-Bit Server VM (17.0.9+0--11185874, mixed mode, tiered, compressed oops, compressed class ptrs, g1 gc, windows-amd64)
GC Precious Log:
 CPUs: 4 total, 4 available
 Memory: 12165M
 Large Page Support: Disabled
 NUMA Support: Disabled
 Compressed Oops: Enabled (32-bit)
 Heap Region Size: 1M
 Heap Min Capacity: 8M
 Heap Initial Capacity: 192M
 Heap Max Capacity: 2G
 Pre-touch: Disabled
 Parallel Workers: 4
 Concurrent Workers: 1
 Concurrent Refinement Workers: 4
 Periodic GC: Disabled
Heap:
 garbage-first heap   total 293888K, used 212480K [0x0000000080000000, 0x0000000100000000)
  region size 1024K, 1 young (1024K), 1 survivors (1024K)
 Metaspace       used 122824K, committed 123648K, reserved 1179648K
  class space    used 16334K, committed 16704K, reserved 1048576K
GC Heap History (20 events):
Event: 25.179 GC heap after
{Heap after GC invocations=42 (full 0):
 garbage-first heap   total 273408K, used 111953K [0x0000000080000000, 0x0000000100000000)
  region size 1024K, 6 young (6144K), 6 survivors (6144K)
 Metaspace       used 101610K, committed 102400K, reserved 1179648K
  class space    used 14161K, committed 14528K, reserved 1048576K
}
Event: 26.943 GC heap before
{Heap before GC invocations=42 (full 0):
 garbage-first heap   total 273408K, used 219473K [0x0000000080000000, 0x0000000100000000)
  region size 1024K, 107 young (109568K), 6 survivors (6144K)
 Metaspace       used 105507K, committed 106368K, reserved 1179648K
  class space    used 14571K, committed 14976K, reserved 1048576K
}
Event: 26.965 GC heap after
{Heap after GC invocations=43 (full 0):
 garbage-first heap   total 273408K, used 119570K [0x0000000080000000, 0x0000000100000000)
  region size 1024K, 13 young (13312K), 13 survivors (13312K)
 Metaspace       used 105507K, committed 106368K, reserved 1179648K
  class space    used 14571K, committed 14976K, reserved 1048576K
}
Event: 27.961 GC heap before
{Heap before GC invocations=43 (full 0):
 garbage-first heap   total 273408K, used 214802K [0x0000000080000000, 0x0000000100000000)
  region size 1024K, 107 young (109568K), 13 survivors (13312K)
 Metaspace       used 105659K, committed 106432K, reserved 1179648K
  class space    used 14582K, committed 14976K, reserved 1048576K
}
Event: 27.986 GC heap after
{Heap after GC invocations=44 (full 0):
 garbage-first heap   total 273408K, used 124976K [0x0000000080000000, 0x0000000100000000)
  region size 1024K, 8 young (8192K), 8 survivors (8192K)
 Metaspace       used 105659K, committed 106432K, reserved 1179648K
  class space    used 14582K, committed 14976K, reserved 1048576K
}
Event: 29.222 GC heap before
{Heap before GC invocations=44 (full 0):
 garbage-first heap   total 273408K, used 217136K [0x0000000080000000, 0x0000000100000000)
  region size 1024K, 99 young (101376K), 8 survivors (8192K)
 Metaspace       used 106863K, committed 107712K, reserved 1179648K
  class space    used 14726K, committed 15104K, reserved 1048576K
}
Event: 29.242 GC heap after
{Heap after GC invocations=45 (full 0):
 garbage-first heap   total 273408K, used 130849K [0x0000000080000000, 0x0000000100000000)
  region size 1024K, 9 young (9216K), 9 survivors (9216K)
 Metaspace       used 106863K, committed 107712K, reserved 1179648K
  class space    used 14726K, committed 15104K, reserved 1048576K
}
Event: 36.244 GC heap before
{Heap before GC invocations=45 (full 0):
 garbage-first heap   total 273408K, used 218913K [0x0000000080000000, 0x0000000100000000)
  region size 1024K, 96 young (98304K), 9 survivors (9216K)
 Metaspace       used 107094K, committed 107968K, reserved 1179648K
  class space    used 14747K, committed 15168K, reserved 1048576K
}
Event: 36.269 GC heap after
{Heap after GC invocations=46 (full 0):
 garbage-first heap   total 273408K, used 137896K [0x0000000080000000, 0x0000000100000000)
  region size 1024K, 10 young (10240K), 10 survivors (10240K)
 Metaspace       used 107094K, committed 107968K, reserved 1179648K
  class space    used 14747K, committed 15168K, reserved 1048576K
}
Event: 37.212 GC heap before
{Heap before GC invocations=46 (full 0):
 garbage-first heap   total 273408K, used 218792K [0x0000000080000000, 0x0000000100000000)
  region size 1024K, 90 young (92160K), 10 survivors (10240K)
 Metaspace       used 107563K, committed 108352K, reserved 1179648K
  class space    used 14787K, committed 15168K, reserved 1048576K
}
Event: 37.236 GC heap after
{Heap after GC invocations=47 (full 0):
 garbage-first heap   total 273408K, used 137454K [0x0000000080000000, 0x0000000100000000)
  region size 1024K, 6 young (6144K), 6 survivors (6144K)
 Metaspace       used 107563K, committed 108352K, reserved 1179648K
  class space    used 14787K, committed 15168K, reserved 1048576K
}
Event: 38.757 GC heap before
{Heap before GC invocations=47 (full 0):
 garbage-first heap   total 273408K, used 227566K [0x0000000080000000, 0x0000000100000000)
  region size 1024K, 89 young (91136K), 6 survivors (6144K)
 Metaspace       used 113841K, committed 114688K, reserved 1179648K
  class space    used 15484K, committed 15936K, reserved 1048576K
}
Event: 38.767 GC heap after
{Heap after GC invocations=48 (full 0):
 garbage-first heap   total 273408K, used 139371K [0x0000000080000000, 0x0000000100000000)
  region size 1024K, 8 young (8192K), 8 survivors (8192K)
 Metaspace       used 113841K, committed 114688K, reserved 1179648K
  class space    used 15484K, committed 15936K, reserved 1048576K
}
Event: 40.701 GC heap before
{Heap before GC invocations=48 (full 0):
 garbage-first heap   total 273408K, used 232555K [0x0000000080000000, 0x0000000100000000)
  region size 1024K, 91 young (93184K), 8 survivors (8192K)
 Metaspace       used 119753K, committed 120640K, reserved 1179648K
  class space    used 16008K, committed 16448K, reserved 1048576K
}
Event: 40.736 GC heap after
{Heap after GC invocations=49 (full 0):
 garbage-first heap   total 273408K, used 158263K [0x0000000080000000, 0x0000000100000000)
  region size 1024K, 12 young (12288K), 12 survivors (12288K)
 Metaspace       used 119753K, committed 120640K, reserved 1179648K
  class space    used 16008K, committed 16448K, reserved 1048576K
}
Event: 41.100 GC heap before
{Heap before GC invocations=49 (full 0):
 garbage-first heap   total 273408K, used 163383K [0x0000000080000000, 0x0000000100000000)
  region size 1024K, 18 young (18432K), 12 survivors (12288K)
 Metaspace       used 121236K, committed 122048K, reserved 1179648K
  class space    used 16150K, committed 16576K, reserved 1048576K
}
Event: 41.118 GC heap after
{Heap after GC invocations=50 (full 0):
 garbage-first heap   total 273408K, used 160768K [0x0000000080000000, 0x0000000100000000)
  region size 1024K, 2 young (2048K), 2 survivors (2048K)
 Metaspace       used 121236K, committed 122048K, reserved 1179648K
  class space    used 16150K, committed 16576K, reserved 1048576K
}
Event: 42.225 GC heap before
{Heap before GC invocations=51 (full 0):
 garbage-first heap   total 293888K, used 224256K [0x0000000080000000, 0x0000000100000000)
  region size 1024K, 64 young (65536K), 2 survivors (2048K)
 Metaspace       used 122058K, committed 122880K, reserved 1179648K
  class space    used 16236K, committed 16640K, reserved 1048576K
}
Event: 42.321 GC heap after
{Heap after GC invocations=52 (full 0):
 garbage-first heap   total 293888K, used 213504K [0x0000000080000000, 0x0000000100000000)
  region size 1024K, 8 young (8192K), 8 survivors (8192K)
 Metaspace       used 122058K, committed 122880K, reserved 1179648K
  class space    used 16236K, committed 16640K, reserved 1048576K
}
Event: 42.561 GC heap before
{Heap before GC invocations=52 (full 0):
 garbage-first heap   total 293888K, used 219648K [0x0000000080000000, 0x0000000100000000)
  region size 1024K, 14 young (14336K), 8 survivors (8192K)
 Metaspace       used 122824K, committed 123648K, reserved 1179648K
  class space    used 16334K, committed 16704K, reserved 1048576K
}

